The system is: Linux - 4.4.0-19041-Microsoft - x86_64
Compiling the C compiler identification source file "CMakeCCompilerId.c" succeeded.
Compiler: /usr/bin/cc 
Build flags: 
Id flags:  

The output was:
0


Compilation of the C compiler identification source "CMakeCCompilerId.c" produced "a.out"

The C compiler identification is GNU, found in "/mnt/c/Users/steph/stupid_projects/freeql/website/public/static/js/CMakeFiles/3.19.2/CompilerIdC/a.out"

Compiling the CXX compiler identification source file "CMakeCXXCompilerId.cpp" succeeded.
Compiler: /usr/bin/c++ 
Build flags: 
Id flags:  

The output was:
0


Compilation of the CXX compiler identification source "CMakeCXXCompilerId.cpp" produced "a.out"

The CXX compiler identification is GNU, found in "/mnt/c/Users/steph/stupid_projects/freeql/website/public/static/js/CMakeFiles/3.19.2/CompilerIdCXX/a.out"

Detecting C compiler ABI info compiled with the following output:
Change Dir: /mnt/c/Users/steph/stupid_projects/freeql/website/public/static/js/CMakeFiles/CMakeTmp

Run Build Command(s):/usr/bin/make cmTC_0cac8/fast && /usr/bin/make  -f CMakeFiles/cmTC_0cac8.dir/build.make CMakeFiles/cmTC_0cac8.dir/build
make[1]: Entering directory '/mnt/c/Users/steph/stupid_projects/freeql/website/public/static/js/CMakeFiles/CMakeTmp'
Building C object CMakeFiles/cmTC_0cac8.dir/CMakeCCompilerABI.c.o
/usr/bin/cc   -v -o CMakeFiles/cmTC_0cac8.dir/CMakeCCompilerABI.c.o -c /opt/cmake/share/cmake-3.19/Modules/CMakeCCompilerABI.c
Using built-in specs.
COLLECT_GCC=/usr/bin/cc
Target: x86_64-pc-linux-gnu
Configured with: ../configure --prefix=/opt/gcc-latest --enable-languages=c,c++ --enable-libstdcxx-debug --disable-bootstrap --disable-multilib --disable-libvtv --with-system-zlib --without-isl --enable-multiarch
Thread model: posix
Supported LTO compression algorithms: zlib
gcc version 11.0.0 20201220 (experimental) (GCC) 
COLLECT_GCC_OPTIONS='-v' '-o' 'CMakeFiles/cmTC_0cac8.dir/CMakeCCompilerABI.c.o' '-c' '-mtune=generic' '-march=x86-64' '-dumpdir' 'CMakeFiles/cmTC_0cac8.dir/'
 /opt/gcc-latest/libexec/gcc/x86_64-pc-linux-gnu/11.0.0/cc1 -quiet -v -imultiarch x86_64-linux-gnu /opt/cmake/share/cmake-3.19/Modules/CMakeCCompilerABI.c -quiet -dumpdir CMakeFiles/cmTC_0cac8.dir/ -dumpbase CMakeCCompilerABI.c.c -dumpbase-ext .c -mtune=generic -march=x86-64 -version -o /tmp/ccA03hxK.s
GNU C17 (GCC) version 11.0.0 20201220 (experimental) (x86_64-pc-linux-gnu)
	compiled by GNU C version 5.4.0 20160609, GMP version 6.1.0, MPFR version 3.1.4, MPC version 1.0.3, isl version none
GGC heuristics: --param ggc-min-expand=30 --param ggc-min-heapsize=4096
ignoring nonexistent directory "/usr/local/include/x86_64-linux-gnu"
ignoring nonexistent directory "/opt/gcc-latest/lib/gcc/x86_64-pc-linux-gnu/11.0.0/../../../../x86_64-pc-linux-gnu/include"
#include "..." search starts here:
#include <...> search starts here:
 /opt/gcc-latest/lib/gcc/x86_64-pc-linux-gnu/11.0.0/include
 /usr/local/include
 /opt/gcc-latest/include
 /opt/gcc-latest/lib/gcc/x86_64-pc-linux-gnu/11.0.0/include-fixed
 /usr/include/x86_64-linux-gnu
 /usr/include
End of search list.
GNU C17 (GCC) version 11.0.0 20201220 (experimental) (x86_64-pc-linux-gnu)
	compiled by GNU C version 5.4.0 20160609, GMP version 6.1.0, MPFR version 3.1.4, MPC version 1.0.3, isl version none
GGC heuristics: --param ggc-min-expand=30 --param ggc-min-heapsize=4096
Compiler executable checksum: 644d8e12f54d0d26f17046ece4afd79d
COLLECT_GCC_OPTIONS='-v' '-o' 'CMakeFiles/cmTC_0cac8.dir/CMakeCCompilerABI.c.o' '-c' '-mtune=generic' '-march=x86-64' '-dumpdir' 'CMakeFiles/cmTC_0cac8.dir/'
 as -v --64 -o CMakeFiles/cmTC_0cac8.dir/CMakeCCompilerABI.c.o /tmp/ccA03hxK.s
GNU assembler version 2.30 (x86_64-linux-gnu) using BFD version (GNU Binutils for Ubuntu) 2.30
COMPILER_PATH=/opt/gcc-latest/libexec/gcc/x86_64-pc-linux-gnu/11.0.0/:/opt/gcc-latest/libexec/gcc/x86_64-pc-linux-gnu/11.0.0/:/opt/gcc-latest/libexec/gcc/x86_64-pc-linux-gnu/:/opt/gcc-latest/lib/gcc/x86_64-pc-linux-gnu/11.0.0/:/opt/gcc-latest/lib/gcc/x86_64-pc-linux-gnu/
LIBRARY_PATH=/opt/gcc-latest/lib/gcc/x86_64-pc-linux-gnu/11.0.0/:/opt/gcc-latest/lib/gcc/x86_64-pc-linux-gnu/11.0.0/../../../../lib64/:/lib/x86_64-linux-gnu/:/lib/../lib64/:/usr/lib/x86_64-linux-gnu/:/opt/gcc-latest/lib/gcc/x86_64-pc-linux-gnu/11.0.0/../../../:/lib/:/usr/lib/
COLLECT_GCC_OPTIONS='-v' '-o' 'CMakeFiles/cmTC_0cac8.dir/CMakeCCompilerABI.c.o' '-c' '-mtune=generic' '-march=x86-64' '-dumpdir' 'CMakeFiles/cmTC_0cac8.dir/CMakeCCompilerABI.c.'
Linking C executable cmTC_0cac8
/opt/cmake/bin/cmake -E cmake_link_script CMakeFiles/cmTC_0cac8.dir/link.txt --verbose=1
/usr/bin/cc  -v CMakeFiles/cmTC_0cac8.dir/CMakeCCompilerABI.c.o -o cmTC_0cac8 
Using built-in specs.
COLLECT_GCC=/usr/bin/cc
COLLECT_LTO_WRAPPER=/opt/gcc-latest/libexec/gcc/x86_64-pc-linux-gnu/11.0.0/lto-wrapper
Target: x86_64-pc-linux-gnu
Configured with: ../configure --prefix=/opt/gcc-latest --enable-languages=c,c++ --enable-libstdcxx-debug --disable-bootstrap --disable-multilib --disable-libvtv --with-system-zlib --without-isl --enable-multiarch
Thread model: posix
Supported LTO compression algorithms: zlib
gcc version 11.0.0 20201220 (experimental) (GCC) 
COMPILER_PATH=/opt/gcc-latest/libexec/gcc/x86_64-pc-linux-gnu/11.0.0/:/opt/gcc-latest/libexec/gcc/x86_64-pc-linux-gnu/11.0.0/:/opt/gcc-latest/libexec/gcc/x86_64-pc-linux-gnu/:/opt/gcc-latest/lib/gcc/x86_64-pc-linux-gnu/11.0.0/:/opt/gcc-latest/lib/gcc/x86_64-pc-linux-gnu/
LIBRARY_PATH=/opt/gcc-latest/lib/gcc/x86_64-pc-linux-gnu/11.0.0/:/opt/gcc-latest/lib/gcc/x86_64-pc-linux-gnu/11.0.0/../../../../lib64/:/lib/x86_64-linux-gnu/:/lib/../lib64/:/usr/lib/x86_64-linux-gnu/:/opt/gcc-latest/lib/gcc/x86_64-pc-linux-gnu/11.0.0/../../../:/lib/:/usr/lib/
COLLECT_GCC_OPTIONS='-v' '-o' 'cmTC_0cac8' '-mtune=generic' '-march=x86-64' '-dumpdir' 'cmTC_0cac8.'
 /opt/gcc-latest/libexec/gcc/x86_64-pc-linux-gnu/11.0.0/collect2 -plugin /opt/gcc-latest/libexec/gcc/x86_64-pc-linux-gnu/11.0.0/liblto_plugin.so -plugin-opt=/opt/gcc-latest/libexec/gcc/x86_64-pc-linux-gnu/11.0.0/lto-wrapper -plugin-opt=-fresolution=/tmp/cc2SBar7.res -plugin-opt=-pass-through=-lgcc -plugin-opt=-pass-through=-lgcc_s -plugin-opt=-pass-through=-lc -plugin-opt=-pass-through=-lgcc -plugin-opt=-pass-through=-lgcc_s --eh-frame-hdr -m elf_x86_64 -dynamic-linker /lib64/ld-linux-x86-64.so.2 -o cmTC_0cac8 /usr/lib/x86_64-linux-gnu/crt1.o /usr/lib/x86_64-linux-gnu/crti.o /opt/gcc-latest/lib/gcc/x86_64-pc-linux-gnu/11.0.0/crtbegin.o -L/opt/gcc-latest/lib/gcc/x86_64-pc-linux-gnu/11.0.0 -L/opt/gcc-latest/lib/gcc/x86_64-pc-linux-gnu/11.0.0/../../../../lib64 -L/lib/x86_64-linux-gnu -L/lib/../lib64 -L/usr/lib/x86_64-linux-gnu -L/opt/gcc-latest/lib/gcc/x86_64-pc-linux-gnu/11.0.0/../../.. CMakeFiles/cmTC_0cac8.dir/CMakeCCompilerABI.c.o -lgcc --as-needed -lgcc_s --no-as-needed -lc -lgcc --as-needed -lgcc_s --no-as-needed /opt/gcc-latest/lib/gcc/x86_64-pc-linux-gnu/11.0.0/crtend.o /usr/lib/x86_64-linux-gnu/crtn.o
COLLECT_GCC_OPTIONS='-v' '-o' 'cmTC_0cac8' '-mtune=generic' '-march=x86-64' '-dumpdir' 'cmTC_0cac8.'
make[1]: Leaving directory '/mnt/c/Users/steph/stupid_projects/freeql/website/public/static/js/CMakeFiles/CMakeTmp'



Parsed C implicit include dir info from above output: rv=done
  found start of include info
  found start of implicit include info
    add: [/opt/gcc-latest/lib/gcc/x86_64-pc-linux-gnu/11.0.0/include]
    add: [/usr/local/include]
    add: [/opt/gcc-latest/include]
    add: [/opt/gcc-latest/lib/gcc/x86_64-pc-linux-gnu/11.0.0/include-fixed]
    add: [/usr/include/x86_64-linux-gnu]
    add: [/usr/include]
  end of search list found
  collapse include dir [/opt/gcc-latest/lib/gcc/x86_64-pc-linux-gnu/11.0.0/include] ==> [/opt/gcc-latest/lib/gcc/x86_64-pc-linux-gnu/11.0.0/include]
  collapse include dir [/usr/local/include] ==> [/usr/local/include]
  collapse include dir [/opt/gcc-latest/include] ==> [/opt/gcc-latest/include]
  collapse include dir [/opt/gcc-latest/lib/gcc/x86_64-pc-linux-gnu/11.0.0/include-fixed] ==> [/opt/gcc-latest/lib/gcc/x86_64-pc-linux-gnu/11.0.0/include-fixed]
  collapse include dir [/usr/include/x86_64-linux-gnu] ==> [/usr/include/x86_64-linux-gnu]
  collapse include dir [/usr/include] ==> [/usr/include]
  implicit include dirs: [/opt/gcc-latest/lib/gcc/x86_64-pc-linux-gnu/11.0.0/include;/usr/local/include;/opt/gcc-latest/include;/opt/gcc-latest/lib/gcc/x86_64-pc-linux-gnu/11.0.0/include-fixed;/usr/include/x86_64-linux-gnu;/usr/include]


Parsed C implicit link information from above output:
  link line regex: [^( *|.*[/\])(ld|CMAKE_LINK_STARTFILE-NOTFOUND|([^/\]+-)?ld|collect2)[^/\]*( |$)]
  ignore line: [Change Dir: /mnt/c/Users/steph/stupid_projects/freeql/website/public/static/js/CMakeFiles/CMakeTmp]
  ignore line: []
  ignore line: [Run Build Command(s):/usr/bin/make cmTC_0cac8/fast && /usr/bin/make  -f CMakeFiles/cmTC_0cac8.dir/build.make CMakeFiles/cmTC_0cac8.dir/build]
  ignore line: [make[1]: Entering directory '/mnt/c/Users/steph/stupid_projects/freeql/website/public/static/js/CMakeFiles/CMakeTmp']
  ignore line: [Building C object CMakeFiles/cmTC_0cac8.dir/CMakeCCompilerABI.c.o]
  ignore line: [/usr/bin/cc   -v -o CMakeFiles/cmTC_0cac8.dir/CMakeCCompilerABI.c.o -c /opt/cmake/share/cmake-3.19/Modules/CMakeCCompilerABI.c]
  ignore line: [Using built-in specs.]
  ignore line: [COLLECT_GCC=/usr/bin/cc]
  ignore line: [Target: x86_64-pc-linux-gnu]
  ignore line: [Configured with: ../configure --prefix=/opt/gcc-latest --enable-languages=c c++ --enable-libstdcxx-debug --disable-bootstrap --disable-multilib --disable-libvtv --with-system-zlib --without-isl --enable-multiarch]
  ignore line: [Thread model: posix]
  ignore line: [Supported LTO compression algorithms: zlib]
  ignore line: [gcc version 11.0.0 20201220 (experimental) (GCC) ]
  ignore line: [COLLECT_GCC_OPTIONS='-v' '-o' 'CMakeFiles/cmTC_0cac8.dir/CMakeCCompilerABI.c.o' '-c' '-mtune=generic' '-march=x86-64' '-dumpdir' 'CMakeFiles/cmTC_0cac8.dir/']
  ignore line: [ /opt/gcc-latest/libexec/gcc/x86_64-pc-linux-gnu/11.0.0/cc1 -quiet -v -imultiarch x86_64-linux-gnu /opt/cmake/share/cmake-3.19/Modules/CMakeCCompilerABI.c -quiet -dumpdir CMakeFiles/cmTC_0cac8.dir/ -dumpbase CMakeCCompilerABI.c.c -dumpbase-ext .c -mtune=generic -march=x86-64 -version -o /tmp/ccA03hxK.s]
  ignore line: [GNU C17 (GCC) version 11.0.0 20201220 (experimental) (x86_64-pc-linux-gnu)]
  ignore line: [	compiled by GNU C version 5.4.0 20160609  GMP version 6.1.0  MPFR version 3.1.4  MPC version 1.0.3  isl version none]
  ignore line: [GGC heuristics: --param ggc-min-expand=30 --param ggc-min-heapsize=4096]
  ignore line: [ignoring nonexistent directory "/usr/local/include/x86_64-linux-gnu"]
  ignore line: [ignoring nonexistent directory "/opt/gcc-latest/lib/gcc/x86_64-pc-linux-gnu/11.0.0/../../../../x86_64-pc-linux-gnu/include"]
  ignore line: [#include "..." search starts here:]
  ignore line: [#include <...> search starts here:]
  ignore line: [ /opt/gcc-latest/lib/gcc/x86_64-pc-linux-gnu/11.0.0/include]
  ignore line: [ /usr/local/include]
  ignore line: [ /opt/gcc-latest/include]
  ignore line: [ /opt/gcc-latest/lib/gcc/x86_64-pc-linux-gnu/11.0.0/include-fixed]
  ignore line: [ /usr/include/x86_64-linux-gnu]
  ignore line: [ /usr/include]
  ignore line: [End of search list.]
  ignore line: [GNU C17 (GCC) version 11.0.0 20201220 (experimental) (x86_64-pc-linux-gnu)]
  ignore line: [	compiled by GNU C version 5.4.0 20160609  GMP version 6.1.0  MPFR version 3.1.4  MPC version 1.0.3  isl version none]
  ignore line: [GGC heuristics: --param ggc-min-expand=30 --param ggc-min-heapsize=4096]
  ignore line: [Compiler executable checksum: 644d8e12f54d0d26f17046ece4afd79d]
  ignore line: [COLLECT_GCC_OPTIONS='-v' '-o' 'CMakeFiles/cmTC_0cac8.dir/CMakeCCompilerABI.c.o' '-c' '-mtune=generic' '-march=x86-64' '-dumpdir' 'CMakeFiles/cmTC_0cac8.dir/']
  ignore line: [ as -v --64 -o CMakeFiles/cmTC_0cac8.dir/CMakeCCompilerABI.c.o /tmp/ccA03hxK.s]
  ignore line: [GNU assembler version 2.30 (x86_64-linux-gnu) using BFD version (GNU Binutils for Ubuntu) 2.30]
  ignore line: [COMPILER_PATH=/opt/gcc-latest/libexec/gcc/x86_64-pc-linux-gnu/11.0.0/:/opt/gcc-latest/libexec/gcc/x86_64-pc-linux-gnu/11.0.0/:/opt/gcc-latest/libexec/gcc/x86_64-pc-linux-gnu/:/opt/gcc-latest/lib/gcc/x86_64-pc-linux-gnu/11.0.0/:/opt/gcc-latest/lib/gcc/x86_64-pc-linux-gnu/]
  ignore line: [LIBRARY_PATH=/opt/gcc-latest/lib/gcc/x86_64-pc-linux-gnu/11.0.0/:/opt/gcc-latest/lib/gcc/x86_64-pc-linux-gnu/11.0.0/../../../../lib64/:/lib/x86_64-linux-gnu/:/lib/../lib64/:/usr/lib/x86_64-linux-gnu/:/opt/gcc-latest/lib/gcc/x86_64-pc-linux-gnu/11.0.0/../../../:/lib/:/usr/lib/]
  ignore line: [COLLECT_GCC_OPTIONS='-v' '-o' 'CMakeFiles/cmTC_0cac8.dir/CMakeCCompilerABI.c.o' '-c' '-mtune=generic' '-march=x86-64' '-dumpdir' 'CMakeFiles/cmTC_0cac8.dir/CMakeCCompilerABI.c.']
  ignore line: [Linking C executable cmTC_0cac8]
  ignore line: [/opt/cmake/bin/cmake -E cmake_link_script CMakeFiles/cmTC_0cac8.dir/link.txt --verbose=1]
  ignore line: [/usr/bin/cc  -v CMakeFiles/cmTC_0cac8.dir/CMakeCCompilerABI.c.o -o cmTC_0cac8 ]
  ignore line: [Using built-in specs.]
  ignore line: [COLLECT_GCC=/usr/bin/cc]
  ignore line: [COLLECT_LTO_WRAPPER=/opt/gcc-latest/libexec/gcc/x86_64-pc-linux-gnu/11.0.0/lto-wrapper]
  ignore line: [Target: x86_64-pc-linux-gnu]
  ignore line: [Configured with: ../configure --prefix=/opt/gcc-latest --enable-languages=c c++ --enable-libstdcxx-debug --disable-bootstrap --disable-multilib --disable-libvtv --with-system-zlib --without-isl --enable-multiarch]
  ignore line: [Thread model: posix]
  ignore line: [Supported LTO compression algorithms: zlib]
  ignore line: [gcc version 11.0.0 20201220 (experimental) (GCC) ]
  ignore line: [COMPILER_PATH=/opt/gcc-latest/libexec/gcc/x86_64-pc-linux-gnu/11.0.0/:/opt/gcc-latest/libexec/gcc/x86_64-pc-linux-gnu/11.0.0/:/opt/gcc-latest/libexec/gcc/x86_64-pc-linux-gnu/:/opt/gcc-latest/lib/gcc/x86_64-pc-linux-gnu/11.0.0/:/opt/gcc-latest/lib/gcc/x86_64-pc-linux-gnu/]
  ignore line: [LIBRARY_PATH=/opt/gcc-latest/lib/gcc/x86_64-pc-linux-gnu/11.0.0/:/opt/gcc-latest/lib/gcc/x86_64-pc-linux-gnu/11.0.0/../../../../lib64/:/lib/x86_64-linux-gnu/:/lib/../lib64/:/usr/lib/x86_64-linux-gnu/:/opt/gcc-latest/lib/gcc/x86_64-pc-linux-gnu/11.0.0/../../../:/lib/:/usr/lib/]
  ignore line: [COLLECT_GCC_OPTIONS='-v' '-o' 'cmTC_0cac8' '-mtune=generic' '-march=x86-64' '-dumpdir' 'cmTC_0cac8.']
  link line: [ /opt/gcc-latest/libexec/gcc/x86_64-pc-linux-gnu/11.0.0/collect2 -plugin /opt/gcc-latest/libexec/gcc/x86_64-pc-linux-gnu/11.0.0/liblto_plugin.so -plugin-opt=/opt/gcc-latest/libexec/gcc/x86_64-pc-linux-gnu/11.0.0/lto-wrapper -plugin-opt=-fresolution=/tmp/cc2SBar7.res -plugin-opt=-pass-through=-lgcc -plugin-opt=-pass-through=-lgcc_s -plugin-opt=-pass-through=-lc -plugin-opt=-pass-through=-lgcc -plugin-opt=-pass-through=-lgcc_s --eh-frame-hdr -m elf_x86_64 -dynamic-linker /lib64/ld-linux-x86-64.so.2 -o cmTC_0cac8 /usr/lib/x86_64-linux-gnu/crt1.o /usr/lib/x86_64-linux-gnu/crti.o /opt/gcc-latest/lib/gcc/x86_64-pc-linux-gnu/11.0.0/crtbegin.o -L/opt/gcc-latest/lib/gcc/x86_64-pc-linux-gnu/11.0.0 -L/opt/gcc-latest/lib/gcc/x86_64-pc-linux-gnu/11.0.0/../../../../lib64 -L/lib/x86_64-linux-gnu -L/lib/../lib64 -L/usr/lib/x86_64-linux-gnu -L/opt/gcc-latest/lib/gcc/x86_64-pc-linux-gnu/11.0.0/../../.. CMakeFiles/cmTC_0cac8.dir/CMakeCCompilerABI.c.o -lgcc --as-needed -lgcc_s --no-as-needed -lc -lgcc --as-needed -lgcc_s --no-as-needed /opt/gcc-latest/lib/gcc/x86_64-pc-linux-gnu/11.0.0/crtend.o /usr/lib/x86_64-linux-gnu/crtn.o]
    arg [/opt/gcc-latest/libexec/gcc/x86_64-pc-linux-gnu/11.0.0/collect2] ==> ignore
    arg [-plugin] ==> ignore
    arg [/opt/gcc-latest/libexec/gcc/x86_64-pc-linux-gnu/11.0.0/liblto_plugin.so] ==> ignore
    arg [-plugin-opt=/opt/gcc-latest/libexec/gcc/x86_64-pc-linux-gnu/11.0.0/lto-wrapper] ==> ignore
    arg [-plugin-opt=-fresolution=/tmp/cc2SBar7.res] ==> ignore
    arg [-plugin-opt=-pass-through=-lgcc] ==> ignore
    arg [-plugin-opt=-pass-through=-lgcc_s] ==> ignore
    arg [-plugin-opt=-pass-through=-lc] ==> ignore
    arg [-plugin-opt=-pass-through=-lgcc] ==> ignore
    arg [-plugin-opt=-pass-through=-lgcc_s] ==> ignore
    arg [--eh-frame-hdr] ==> ignore
    arg [-m] ==> ignore
    arg [elf_x86_64] ==> ignore
    arg [-dynamic-linker] ==> ignore
    arg [/lib64/ld-linux-x86-64.so.2] ==> ignore
    arg [-o] ==> ignore
    arg [cmTC_0cac8] ==> ignore
    arg [/usr/lib/x86_64-linux-gnu/crt1.o] ==> ignore
    arg [/usr/lib/x86_64-linux-gnu/crti.o] ==> ignore
    arg [/opt/gcc-latest/lib/gcc/x86_64-pc-linux-gnu/11.0.0/crtbegin.o] ==> ignore
    arg [-L/opt/gcc-latest/lib/gcc/x86_64-pc-linux-gnu/11.0.0] ==> dir [/opt/gcc-latest/lib/gcc/x86_64-pc-linux-gnu/11.0.0]
    arg [-L/opt/gcc-latest/lib/gcc/x86_64-pc-linux-gnu/11.0.0/../../../../lib64] ==> dir [/opt/gcc-latest/lib/gcc/x86_64-pc-linux-gnu/11.0.0/../../../../lib64]
    arg [-L/lib/x86_64-linux-gnu] ==> dir [/lib/x86_64-linux-gnu]
    arg [-L/lib/../lib64] ==> dir [/lib/../lib64]
    arg [-L/usr/lib/x86_64-linux-gnu] ==> dir [/usr/lib/x86_64-linux-gnu]
    arg [-L/opt/gcc-latest/lib/gcc/x86_64-pc-linux-gnu/11.0.0/../../..] ==> dir [/opt/gcc-latest/lib/gcc/x86_64-pc-linux-gnu/11.0.0/../../..]
    arg [CMakeFiles/cmTC_0cac8.dir/CMakeCCompilerABI.c.o] ==> ignore
    arg [-lgcc] ==> lib [gcc]
    arg [--as-needed] ==> ignore
    arg [-lgcc_s] ==> lib [gcc_s]
    arg [--no-as-needed] ==> ignore
    arg [-lc] ==> lib [c]
    arg [-lgcc] ==> lib [gcc]
    arg [--as-needed] ==> ignore
    arg [-lgcc_s] ==> lib [gcc_s]
    arg [--no-as-needed] ==> ignore
    arg [/opt/gcc-latest/lib/gcc/x86_64-pc-linux-gnu/11.0.0/crtend.o] ==> ignore
    arg [/usr/lib/x86_64-linux-gnu/crtn.o] ==> ignore
  collapse library dir [/opt/gcc-latest/lib/gcc/x86_64-pc-linux-gnu/11.0.0] ==> [/opt/gcc-latest/lib/gcc/x86_64-pc-linux-gnu/11.0.0]
  collapse library dir [/opt/gcc-latest/lib/gcc/x86_64-pc-linux-gnu/11.0.0/../../../../lib64] ==> [/opt/gcc-latest/lib64]
  collapse library dir [/lib/x86_64-linux-gnu] ==> [/lib/x86_64-linux-gnu]
  collapse library dir [/lib/../lib64] ==> [/lib64]
  collapse library dir [/usr/lib/x86_64-linux-gnu] ==> [/usr/lib/x86_64-linux-gnu]
  collapse library dir [/opt/gcc-latest/lib/gcc/x86_64-pc-linux-gnu/11.0.0/../../..] ==> [/opt/gcc-latest/lib]
  implicit libs: [gcc;gcc_s;c;gcc;gcc_s]
  implicit dirs: [/opt/gcc-latest/lib/gcc/x86_64-pc-linux-gnu/11.0.0;/opt/gcc-latest/lib64;/lib/x86_64-linux-gnu;/lib64;/usr/lib/x86_64-linux-gnu;/opt/gcc-latest/lib]
  implicit fwks: []


Detecting CXX compiler ABI info compiled with the following output:
Change Dir: /mnt/c/Users/steph/stupid_projects/freeql/website/public/static/js/CMakeFiles/CMakeTmp

Run Build Command(s):/usr/bin/make cmTC_e9728/fast && /usr/bin/make  -f CMakeFiles/cmTC_e9728.dir/build.make CMakeFiles/cmTC_e9728.dir/build
make[1]: Entering directory '/mnt/c/Users/steph/stupid_projects/freeql/website/public/static/js/CMakeFiles/CMakeTmp'
Building CXX object CMakeFiles/cmTC_e9728.dir/CMakeCXXCompilerABI.cpp.o
/usr/bin/c++   -v -o CMakeFiles/cmTC_e9728.dir/CMakeCXXCompilerABI.cpp.o -c /opt/cmake/share/cmake-3.19/Modules/CMakeCXXCompilerABI.cpp
Using built-in specs.
COLLECT_GCC=/usr/bin/c++
Target: x86_64-pc-linux-gnu
Configured with: ../configure --prefix=/opt/gcc-latest --enable-languages=c,c++ --enable-libstdcxx-debug --disable-bootstrap --disable-multilib --disable-libvtv --with-system-zlib --without-isl --enable-multiarch
Thread model: posix
Supported LTO compression algorithms: zlib
gcc version 11.0.0 20201220 (experimental) (GCC) 
COLLECT_GCC_OPTIONS='-v' '-o' 'CMakeFiles/cmTC_e9728.dir/CMakeCXXCompilerABI.cpp.o' '-c' '-shared-libgcc' '-mtune=generic' '-march=x86-64' '-dumpdir' 'CMakeFiles/cmTC_e9728.dir/'
 /opt/gcc-latest/libexec/gcc/x86_64-pc-linux-gnu/11.0.0/cc1plus -quiet -v -imultiarch x86_64-linux-gnu -D_GNU_SOURCE /opt/cmake/share/cmake-3.19/Modules/CMakeCXXCompilerABI.cpp -quiet -dumpdir CMakeFiles/cmTC_e9728.dir/ -dumpbase CMakeCXXCompilerABI.cpp.cpp -dumpbase-ext .cpp -mtune=generic -march=x86-64 -version -o /tmp/ccEQ9xHP.s
GNU C++17 (GCC) version 11.0.0 20201220 (experimental) (x86_64-pc-linux-gnu)
	compiled by GNU C version 5.4.0 20160609, GMP version 6.1.0, MPFR version 3.1.4, MPC version 1.0.3, isl version none
GGC heuristics: --param ggc-min-expand=30 --param ggc-min-heapsize=4096
ignoring nonexistent directory "/usr/local/include/x86_64-linux-gnu"
ignoring nonexistent directory "/opt/gcc-latest/lib/gcc/x86_64-pc-linux-gnu/11.0.0/../../../../x86_64-pc-linux-gnu/include"
#include "..." search starts here:
#include <...> search starts here:
 /opt/gcc-latest/lib/gcc/x86_64-pc-linux-gnu/11.0.0/../../../../include/c++/11.0.0
 /opt/gcc-latest/lib/gcc/x86_64-pc-linux-gnu/11.0.0/../../../../include/c++/11.0.0/x86_64-pc-linux-gnu
 /opt/gcc-latest/lib/gcc/x86_64-pc-linux-gnu/11.0.0/../../../../include/c++/11.0.0/backward
 /opt/gcc-latest/lib/gcc/x86_64-pc-linux-gnu/11.0.0/include
 /usr/local/include
 /opt/gcc-latest/include
 /opt/gcc-latest/lib/gcc/x86_64-pc-linux-gnu/11.0.0/include-fixed
 /usr/include/x86_64-linux-gnu
 /usr/include
End of search list.
GNU C++17 (GCC) version 11.0.0 20201220 (experimental) (x86_64-pc-linux-gnu)
	compiled by GNU C version 5.4.0 20160609, GMP version 6.1.0, MPFR version 3.1.4, MPC version 1.0.3, isl version none
GGC heuristics: --param ggc-min-expand=30 --param ggc-min-heapsize=4096
Compiler executable checksum: 4b9b7f949be6ab1c620b4bb8a2134155
COLLECT_GCC_OPTIONS='-v' '-o' 'CMakeFiles/cmTC_e9728.dir/CMakeCXXCompilerABI.cpp.o' '-c' '-shared-libgcc' '-mtune=generic' '-march=x86-64' '-dumpdir' 'CMakeFiles/cmTC_e9728.dir/'
 as -v --64 -o CMakeFiles/cmTC_e9728.dir/CMakeCXXCompilerABI.cpp.o /tmp/ccEQ9xHP.s
GNU assembler version 2.30 (x86_64-linux-gnu) using BFD version (GNU Binutils for Ubuntu) 2.30
COMPILER_PATH=/opt/gcc-latest/libexec/gcc/x86_64-pc-linux-gnu/11.0.0/:/opt/gcc-latest/libexec/gcc/x86_64-pc-linux-gnu/11.0.0/:/opt/gcc-latest/libexec/gcc/x86_64-pc-linux-gnu/:/opt/gcc-latest/lib/gcc/x86_64-pc-linux-gnu/11.0.0/:/opt/gcc-latest/lib/gcc/x86_64-pc-linux-gnu/
LIBRARY_PATH=/opt/gcc-latest/lib/gcc/x86_64-pc-linux-gnu/11.0.0/:/opt/gcc-latest/lib/gcc/x86_64-pc-linux-gnu/11.0.0/../../../../lib64/:/lib/x86_64-linux-gnu/:/lib/../lib64/:/usr/lib/x86_64-linux-gnu/:/opt/gcc-latest/lib/gcc/x86_64-pc-linux-gnu/11.0.0/../../../:/lib/:/usr/lib/
COLLECT_GCC_OPTIONS='-v' '-o' 'CMakeFiles/cmTC_e9728.dir/CMakeCXXCompilerABI.cpp.o' '-c' '-shared-libgcc' '-mtune=generic' '-march=x86-64' '-dumpdir' 'CMakeFiles/cmTC_e9728.dir/CMakeCXXCompilerABI.cpp.'
Linking CXX executable cmTC_e9728
/opt/cmake/bin/cmake -E cmake_link_script CMakeFiles/cmTC_e9728.dir/link.txt --verbose=1
/usr/bin/c++  -v CMakeFiles/cmTC_e9728.dir/CMakeCXXCompilerABI.cpp.o -o cmTC_e9728 
Using built-in specs.
COLLECT_GCC=/usr/bin/c++
COLLECT_LTO_WRAPPER=/opt/gcc-latest/libexec/gcc/x86_64-pc-linux-gnu/11.0.0/lto-wrapper
Target: x86_64-pc-linux-gnu
Configured with: ../configure --prefix=/opt/gcc-latest --enable-languages=c,c++ --enable-libstdcxx-debug --disable-bootstrap --disable-multilib --disable-libvtv --with-system-zlib --without-isl --enable-multiarch
Thread model: posix
Supported LTO compression algorithms: zlib
gcc version 11.0.0 20201220 (experimental) (GCC) 
COMPILER_PATH=/opt/gcc-latest/libexec/gcc/x86_64-pc-linux-gnu/11.0.0/:/opt/gcc-latest/libexec/gcc/x86_64-pc-linux-gnu/11.0.0/:/opt/gcc-latest/libexec/gcc/x86_64-pc-linux-gnu/:/opt/gcc-latest/lib/gcc/x86_64-pc-linux-gnu/11.0.0/:/opt/gcc-latest/lib/gcc/x86_64-pc-linux-gnu/
LIBRARY_PATH=/opt/gcc-latest/lib/gcc/x86_64-pc-linux-gnu/11.0.0/:/opt/gcc-latest/lib/gcc/x86_64-pc-linux-gnu/11.0.0/../../../../lib64/:/lib/x86_64-linux-gnu/:/lib/../lib64/:/usr/lib/x86_64-linux-gnu/:/opt/gcc-latest/lib/gcc/x86_64-pc-linux-gnu/11.0.0/../../../:/lib/:/usr/lib/
COLLECT_GCC_OPTIONS='-v' '-o' 'cmTC_e9728' '-shared-libgcc' '-mtune=generic' '-march=x86-64' '-dumpdir' 'cmTC_e9728.'
 /opt/gcc-latest/libexec/gcc/x86_64-pc-linux-gnu/11.0.0/collect2 -plugin /opt/gcc-latest/libexec/gcc/x86_64-pc-linux-gnu/11.0.0/liblto_plugin.so -plugin-opt=/opt/gcc-latest/libexec/gcc/x86_64-pc-linux-gnu/11.0.0/lto-wrapper -plugin-opt=-fresolution=/tmp/ccHEOXne.res -plugin-opt=-pass-through=-lgcc_s -plugin-opt=-pass-through=-lgcc -plugin-opt=-pass-through=-lc -plugin-opt=-pass-through=-lgcc_s -plugin-opt=-pass-through=-lgcc --eh-frame-hdr -m elf_x86_64 -dynamic-linker /lib64/ld-linux-x86-64.so.2 -o cmTC_e9728 /usr/lib/x86_64-linux-gnu/crt1.o /usr/lib/x86_64-linux-gnu/crti.o /opt/gcc-latest/lib/gcc/x86_64-pc-linux-gnu/11.0.0/crtbegin.o -L/opt/gcc-latest/lib/gcc/x86_64-pc-linux-gnu/11.0.0 -L/opt/gcc-latest/lib/gcc/x86_64-pc-linux-gnu/11.0.0/../../../../lib64 -L/lib/x86_64-linux-gnu -L/lib/../lib64 -L/usr/lib/x86_64-linux-gnu -L/opt/gcc-latest/lib/gcc/x86_64-pc-linux-gnu/11.0.0/../../.. CMakeFiles/cmTC_e9728.dir/CMakeCXXCompilerABI.cpp.o -lstdc++ -lm -lgcc_s -lgcc -lc -lgcc_s -lgcc /opt/gcc-latest/lib/gcc/x86_64-pc-linux-gnu/11.0.0/crtend.o /usr/lib/x86_64-linux-gnu/crtn.o
COLLECT_GCC_OPTIONS='-v' '-o' 'cmTC_e9728' '-shared-libgcc' '-mtune=generic' '-march=x86-64' '-dumpdir' 'cmTC_e9728.'
make[1]: Leaving directory '/mnt/c/Users/steph/stupid_projects/freeql/website/public/static/js/CMakeFiles/CMakeTmp'



Parsed CXX implicit include dir info from above output: rv=done
  found start of include info
  found start of implicit include info
    add: [/opt/gcc-latest/lib/gcc/x86_64-pc-linux-gnu/11.0.0/../../../../include/c++/11.0.0]
    add: [/opt/gcc-latest/lib/gcc/x86_64-pc-linux-gnu/11.0.0/../../../../include/c++/11.0.0/x86_64-pc-linux-gnu]
    add: [/opt/gcc-latest/lib/gcc/x86_64-pc-linux-gnu/11.0.0/../../../../include/c++/11.0.0/backward]
    add: [/opt/gcc-latest/lib/gcc/x86_64-pc-linux-gnu/11.0.0/include]
    add: [/usr/local/include]
    add: [/opt/gcc-latest/include]
    add: [/opt/gcc-latest/lib/gcc/x86_64-pc-linux-gnu/11.0.0/include-fixed]
    add: [/usr/include/x86_64-linux-gnu]
    add: [/usr/include]
  end of search list found
  collapse include dir [/opt/gcc-latest/lib/gcc/x86_64-pc-linux-gnu/11.0.0/../../../../include/c++/11.0.0] ==> [/opt/gcc-latest/include/c++/11.0.0]
  collapse include dir [/opt/gcc-latest/lib/gcc/x86_64-pc-linux-gnu/11.0.0/../../../../include/c++/11.0.0/x86_64-pc-linux-gnu] ==> [/opt/gcc-latest/include/c++/11.0.0/x86_64-pc-linux-gnu]
  collapse include dir [/opt/gcc-latest/lib/gcc/x86_64-pc-linux-gnu/11.0.0/../../../../include/c++/11.0.0/backward] ==> [/opt/gcc-latest/include/c++/11.0.0/backward]
  collapse include dir [/opt/gcc-latest/lib/gcc/x86_64-pc-linux-gnu/11.0.0/include] ==> [/opt/gcc-latest/lib/gcc/x86_64-pc-linux-gnu/11.0.0/include]
  collapse include dir [/usr/local/include] ==> [/usr/local/include]
  collapse include dir [/opt/gcc-latest/include] ==> [/opt/gcc-latest/include]
  collapse include dir [/opt/gcc-latest/lib/gcc/x86_64-pc-linux-gnu/11.0.0/include-fixed] ==> [/opt/gcc-latest/lib/gcc/x86_64-pc-linux-gnu/11.0.0/include-fixed]
  collapse include dir [/usr/include/x86_64-linux-gnu] ==> [/usr/include/x86_64-linux-gnu]
  collapse include dir [/usr/include] ==> [/usr/include]
  implicit include dirs: [/opt/gcc-latest/include/c++/11.0.0;/opt/gcc-latest/include/c++/11.0.0/x86_64-pc-linux-gnu;/opt/gcc-latest/include/c++/11.0.0/backward;/opt/gcc-latest/lib/gcc/x86_64-pc-linux-gnu/11.0.0/include;/usr/local/include;/opt/gcc-latest/include;/opt/gcc-latest/lib/gcc/x86_64-pc-linux-gnu/11.0.0/include-fixed;/usr/include/x86_64-linux-gnu;/usr/include]


Parsed CXX implicit link information from above output:
  link line regex: [^( *|.*[/\])(ld|CMAKE_LINK_STARTFILE-NOTFOUND|([^/\]+-)?ld|collect2)[^/\]*( |$)]
  ignore line: [Change Dir: /mnt/c/Users/steph/stupid_projects/freeql/website/public/static/js/CMakeFiles/CMakeTmp]
  ignore line: []
  ignore line: [Run Build Command(s):/usr/bin/make cmTC_e9728/fast && /usr/bin/make  -f CMakeFiles/cmTC_e9728.dir/build.make CMakeFiles/cmTC_e9728.dir/build]
  ignore line: [make[1]: Entering directory '/mnt/c/Users/steph/stupid_projects/freeql/website/public/static/js/CMakeFiles/CMakeTmp']
  ignore line: [Building CXX object CMakeFiles/cmTC_e9728.dir/CMakeCXXCompilerABI.cpp.o]
  ignore line: [/usr/bin/c++   -v -o CMakeFiles/cmTC_e9728.dir/CMakeCXXCompilerABI.cpp.o -c /opt/cmake/share/cmake-3.19/Modules/CMakeCXXCompilerABI.cpp]
  ignore line: [Using built-in specs.]
  ignore line: [COLLECT_GCC=/usr/bin/c++]
  ignore line: [Target: x86_64-pc-linux-gnu]
  ignore line: [Configured with: ../configure --prefix=/opt/gcc-latest --enable-languages=c c++ --enable-libstdcxx-debug --disable-bootstrap --disable-multilib --disable-libvtv --with-system-zlib --without-isl --enable-multiarch]
  ignore line: [Thread model: posix]
  ignore line: [Supported LTO compression algorithms: zlib]
  ignore line: [gcc version 11.0.0 20201220 (experimental) (GCC) ]
  ignore line: [COLLECT_GCC_OPTIONS='-v' '-o' 'CMakeFiles/cmTC_e9728.dir/CMakeCXXCompilerABI.cpp.o' '-c' '-shared-libgcc' '-mtune=generic' '-march=x86-64' '-dumpdir' 'CMakeFiles/cmTC_e9728.dir/']
  ignore line: [ /opt/gcc-latest/libexec/gcc/x86_64-pc-linux-gnu/11.0.0/cc1plus -quiet -v -imultiarch x86_64-linux-gnu -D_GNU_SOURCE /opt/cmake/share/cmake-3.19/Modules/CMakeCXXCompilerABI.cpp -quiet -dumpdir CMakeFiles/cmTC_e9728.dir/ -dumpbase CMakeCXXCompilerABI.cpp.cpp -dumpbase-ext .cpp -mtune=generic -march=x86-64 -version -o /tmp/ccEQ9xHP.s]
  ignore line: [GNU C++17 (GCC) version 11.0.0 20201220 (experimental) (x86_64-pc-linux-gnu)]
  ignore line: [	compiled by GNU C version 5.4.0 20160609  GMP version 6.1.0  MPFR version 3.1.4  MPC version 1.0.3  isl version none]
  ignore line: [GGC heuristics: --param ggc-min-expand=30 --param ggc-min-heapsize=4096]
  ignore line: [ignoring nonexistent directory "/usr/local/include/x86_64-linux-gnu"]
  ignore line: [ignoring nonexistent directory "/opt/gcc-latest/lib/gcc/x86_64-pc-linux-gnu/11.0.0/../../../../x86_64-pc-linux-gnu/include"]
  ignore line: [#include "..." search starts here:]
  ignore line: [#include <...> search starts here:]
  ignore line: [ /opt/gcc-latest/lib/gcc/x86_64-pc-linux-gnu/11.0.0/../../../../include/c++/11.0.0]
  ignore line: [ /opt/gcc-latest/lib/gcc/x86_64-pc-linux-gnu/11.0.0/../../../../include/c++/11.0.0/x86_64-pc-linux-gnu]
  ignore line: [ /opt/gcc-latest/lib/gcc/x86_64-pc-linux-gnu/11.0.0/../../../../include/c++/11.0.0/backward]
  ignore line: [ /opt/gcc-latest/lib/gcc/x86_64-pc-linux-gnu/11.0.0/include]
  ignore line: [ /usr/local/include]
  ignore line: [ /opt/gcc-latest/include]
  ignore line: [ /opt/gcc-latest/lib/gcc/x86_64-pc-linux-gnu/11.0.0/include-fixed]
  ignore line: [ /usr/include/x86_64-linux-gnu]
  ignore line: [ /usr/include]
  ignore line: [End of search list.]
  ignore line: [GNU C++17 (GCC) version 11.0.0 20201220 (experimental) (x86_64-pc-linux-gnu)]
  ignore line: [	compiled by GNU C version 5.4.0 20160609  GMP version 6.1.0  MPFR version 3.1.4  MPC version 1.0.3  isl version none]
  ignore line: [GGC heuristics: --param ggc-min-expand=30 --param ggc-min-heapsize=4096]
  ignore line: [Compiler executable checksum: 4b9b7f949be6ab1c620b4bb8a2134155]
  ignore line: [COLLECT_GCC_OPTIONS='-v' '-o' 'CMakeFiles/cmTC_e9728.dir/CMakeCXXCompilerABI.cpp.o' '-c' '-shared-libgcc' '-mtune=generic' '-march=x86-64' '-dumpdir' 'CMakeFiles/cmTC_e9728.dir/']
  ignore line: [ as -v --64 -o CMakeFiles/cmTC_e9728.dir/CMakeCXXCompilerABI.cpp.o /tmp/ccEQ9xHP.s]
  ignore line: [GNU assembler version 2.30 (x86_64-linux-gnu) using BFD version (GNU Binutils for Ubuntu) 2.30]
  ignore line: [COMPILER_PATH=/opt/gcc-latest/libexec/gcc/x86_64-pc-linux-gnu/11.0.0/:/opt/gcc-latest/libexec/gcc/x86_64-pc-linux-gnu/11.0.0/:/opt/gcc-latest/libexec/gcc/x86_64-pc-linux-gnu/:/opt/gcc-latest/lib/gcc/x86_64-pc-linux-gnu/11.0.0/:/opt/gcc-latest/lib/gcc/x86_64-pc-linux-gnu/]
  ignore line: [LIBRARY_PATH=/opt/gcc-latest/lib/gcc/x86_64-pc-linux-gnu/11.0.0/:/opt/gcc-latest/lib/gcc/x86_64-pc-linux-gnu/11.0.0/../../../../lib64/:/lib/x86_64-linux-gnu/:/lib/../lib64/:/usr/lib/x86_64-linux-gnu/:/opt/gcc-latest/lib/gcc/x86_64-pc-linux-gnu/11.0.0/../../../:/lib/:/usr/lib/]
  ignore line: [COLLECT_GCC_OPTIONS='-v' '-o' 'CMakeFiles/cmTC_e9728.dir/CMakeCXXCompilerABI.cpp.o' '-c' '-shared-libgcc' '-mtune=generic' '-march=x86-64' '-dumpdir' 'CMakeFiles/cmTC_e9728.dir/CMakeCXXCompilerABI.cpp.']
  ignore line: [Linking CXX executable cmTC_e9728]
  ignore line: [/opt/cmake/bin/cmake -E cmake_link_script CMakeFiles/cmTC_e9728.dir/link.txt --verbose=1]
  ignore line: [/usr/bin/c++  -v CMakeFiles/cmTC_e9728.dir/CMakeCXXCompilerABI.cpp.o -o cmTC_e9728 ]
  ignore line: [Using built-in specs.]
  ignore line: [COLLECT_GCC=/usr/bin/c++]
  ignore line: [COLLECT_LTO_WRAPPER=/opt/gcc-latest/libexec/gcc/x86_64-pc-linux-gnu/11.0.0/lto-wrapper]
  ignore line: [Target: x86_64-pc-linux-gnu]
  ignore line: [Configured with: ../configure --prefix=/opt/gcc-latest --enable-languages=c c++ --enable-libstdcxx-debug --disable-bootstrap --disable-multilib --disable-libvtv --with-system-zlib --without-isl --enable-multiarch]
  ignore line: [Thread model: posix]
  ignore line: [Supported LTO compression algorithms: zlib]
  ignore line: [gcc version 11.0.0 20201220 (experimental) (GCC) ]
  ignore line: [COMPILER_PATH=/opt/gcc-latest/libexec/gcc/x86_64-pc-linux-gnu/11.0.0/:/opt/gcc-latest/libexec/gcc/x86_64-pc-linux-gnu/11.0.0/:/opt/gcc-latest/libexec/gcc/x86_64-pc-linux-gnu/:/opt/gcc-latest/lib/gcc/x86_64-pc-linux-gnu/11.0.0/:/opt/gcc-latest/lib/gcc/x86_64-pc-linux-gnu/]
  ignore line: [LIBRARY_PATH=/opt/gcc-latest/lib/gcc/x86_64-pc-linux-gnu/11.0.0/:/opt/gcc-latest/lib/gcc/x86_64-pc-linux-gnu/11.0.0/../../../../lib64/:/lib/x86_64-linux-gnu/:/lib/../lib64/:/usr/lib/x86_64-linux-gnu/:/opt/gcc-latest/lib/gcc/x86_64-pc-linux-gnu/11.0.0/../../../:/lib/:/usr/lib/]
  ignore line: [COLLECT_GCC_OPTIONS='-v' '-o' 'cmTC_e9728' '-shared-libgcc' '-mtune=generic' '-march=x86-64' '-dumpdir' 'cmTC_e9728.']
  link line: [ /opt/gcc-latest/libexec/gcc/x86_64-pc-linux-gnu/11.0.0/collect2 -plugin /opt/gcc-latest/libexec/gcc/x86_64-pc-linux-gnu/11.0.0/liblto_plugin.so -plugin-opt=/opt/gcc-latest/libexec/gcc/x86_64-pc-linux-gnu/11.0.0/lto-wrapper -plugin-opt=-fresolution=/tmp/ccHEOXne.res -plugin-opt=-pass-through=-lgcc_s -plugin-opt=-pass-through=-lgcc -plugin-opt=-pass-through=-lc -plugin-opt=-pass-through=-lgcc_s -plugin-opt=-pass-through=-lgcc --eh-frame-hdr -m elf_x86_64 -dynamic-linker /lib64/ld-linux-x86-64.so.2 -o cmTC_e9728 /usr/lib/x86_64-linux-gnu/crt1.o /usr/lib/x86_64-linux-gnu/crti.o /opt/gcc-latest/lib/gcc/x86_64-pc-linux-gnu/11.0.0/crtbegin.o -L/opt/gcc-latest/lib/gcc/x86_64-pc-linux-gnu/11.0.0 -L/opt/gcc-latest/lib/gcc/x86_64-pc-linux-gnu/11.0.0/../../../../lib64 -L/lib/x86_64-linux-gnu -L/lib/../lib64 -L/usr/lib/x86_64-linux-gnu -L/opt/gcc-latest/lib/gcc/x86_64-pc-linux-gnu/11.0.0/../../.. CMakeFiles/cmTC_e9728.dir/CMakeCXXCompilerABI.cpp.o -lstdc++ -lm -lgcc_s -lgcc -lc -lgcc_s -lgcc /opt/gcc-latest/lib/gcc/x86_64-pc-linux-gnu/11.0.0/crtend.o /usr/lib/x86_64-linux-gnu/crtn.o]
    arg [/opt/gcc-latest/libexec/gcc/x86_64-pc-linux-gnu/11.0.0/collect2] ==> ignore
    arg [-plugin] ==> ignore
    arg [/opt/gcc-latest/libexec/gcc/x86_64-pc-linux-gnu/11.0.0/liblto_plugin.so] ==> ignore
    arg [-plugin-opt=/opt/gcc-latest/libexec/gcc/x86_64-pc-linux-gnu/11.0.0/lto-wrapper] ==> ignore
    arg [-plugin-opt=-fresolution=/tmp/ccHEOXne.res] ==> ignore
    arg [-plugin-opt=-pass-through=-lgcc_s] ==> ignore
    arg [-plugin-opt=-pass-through=-lgcc] ==> ignore
    arg [-plugin-opt=-pass-through=-lc] ==> ignore
    arg [-plugin-opt=-pass-through=-lgcc_s] ==> ignore
    arg [-plugin-opt=-pass-through=-lgcc] ==> ignore
    arg [--eh-frame-hdr] ==> ignore
    arg [-m] ==> ignore
    arg [elf_x86_64] ==> ignore
    arg [-dynamic-linker] ==> ignore
    arg [/lib64/ld-linux-x86-64.so.2] ==> ignore
    arg [-o] ==> ignore
    arg [cmTC_e9728] ==> ignore
    arg [/usr/lib/x86_64-linux-gnu/crt1.o] ==> ignore
    arg [/usr/lib/x86_64-linux-gnu/crti.o] ==> ignore
    arg [/opt/gcc-latest/lib/gcc/x86_64-pc-linux-gnu/11.0.0/crtbegin.o] ==> ignore
    arg [-L/opt/gcc-latest/lib/gcc/x86_64-pc-linux-gnu/11.0.0] ==> dir [/opt/gcc-latest/lib/gcc/x86_64-pc-linux-gnu/11.0.0]
    arg [-L/opt/gcc-latest/lib/gcc/x86_64-pc-linux-gnu/11.0.0/../../../../lib64] ==> dir [/opt/gcc-latest/lib/gcc/x86_64-pc-linux-gnu/11.0.0/../../../../lib64]
    arg [-L/lib/x86_64-linux-gnu] ==> dir [/lib/x86_64-linux-gnu]
    arg [-L/lib/../lib64] ==> dir [/lib/../lib64]
    arg [-L/usr/lib/x86_64-linux-gnu] ==> dir [/usr/lib/x86_64-linux-gnu]
    arg [-L/opt/gcc-latest/lib/gcc/x86_64-pc-linux-gnu/11.0.0/../../..] ==> dir [/opt/gcc-latest/lib/gcc/x86_64-pc-linux-gnu/11.0.0/../../..]
    arg [CMakeFiles/cmTC_e9728.dir/CMakeCXXCompilerABI.cpp.o] ==> ignore
    arg [-lstdc++] ==> lib [stdc++]
    arg [-lm] ==> lib [m]
    arg [-lgcc_s] ==> lib [gcc_s]
    arg [-lgcc] ==> lib [gcc]
    arg [-lc] ==> lib [c]
    arg [-lgcc_s] ==> lib [gcc_s]
    arg [-lgcc] ==> lib [gcc]
    arg [/opt/gcc-latest/lib/gcc/x86_64-pc-linux-gnu/11.0.0/crtend.o] ==> ignore
    arg [/usr/lib/x86_64-linux-gnu/crtn.o] ==> ignore
  collapse library dir [/opt/gcc-latest/lib/gcc/x86_64-pc-linux-gnu/11.0.0] ==> [/opt/gcc-latest/lib/gcc/x86_64-pc-linux-gnu/11.0.0]
  collapse library dir [/opt/gcc-latest/lib/gcc/x86_64-pc-linux-gnu/11.0.0/../../../../lib64] ==> [/opt/gcc-latest/lib64]
  collapse library dir [/lib/x86_64-linux-gnu] ==> [/lib/x86_64-linux-gnu]
  collapse library dir [/lib/../lib64] ==> [/lib64]
  collapse library dir [/usr/lib/x86_64-linux-gnu] ==> [/usr/lib/x86_64-linux-gnu]
  collapse library dir [/opt/gcc-latest/lib/gcc/x86_64-pc-linux-gnu/11.0.0/../../..] ==> [/opt/gcc-latest/lib]
  implicit libs: [stdc++;m;gcc_s;gcc;c;gcc_s;gcc]
  implicit dirs: [/opt/gcc-latest/lib/gcc/x86_64-pc-linux-gnu/11.0.0;/opt/gcc-latest/lib64;/lib/x86_64-linux-gnu;/lib64;/usr/lib/x86_64-linux-gnu;/opt/gcc-latest/lib]
  implicit fwks: []


